<?xml version="1.0" encoding="UTF-8"?>
<!-- Generated by org.testng.reporters.JUnitReportReporter -->
<testsuite hostname="ULTRON" failures="0" tests="1" name="com.selenium.Alerts" time="0.471" errors="0" timestamp="2023-01-05T21:03:22 IST" skipped="0">
  <testcase classname="com.selenium.Alerts" name="alert" time="0.471"/>
  <system-out/>
</testsuite> <!-- com.selenium.Alerts -->
