<?xml version="1.0" encoding="UTF-8"?>
<!-- Generated by org.testng.reporters.JUnitReportReporter -->
<testsuite hostname="ULTRON" failures="0" tests="3" name="com.selenium.Practise4" time="9.522" errors="0" timestamp="2022-12-02T13:42:51 IST" skipped="0">
  <testcase classname="com.selenium.Practise4" name="execute" time="8.857"/>
  <system-out/>
  <testcase classname="com.selenium.Practise4" name="select" time="0.537"/>
  <system-out/>
  <testcase classname="com.selenium.Practise4" name="deselect" time="0.128"/>
  <system-out/>
</testsuite> <!-- com.selenium.Practise4 -->
