<?xml version="1.0" encoding="UTF-8"?>
<!-- Generated by org.testng.reporters.JUnitReportReporter -->
<testsuite hostname="ULTRON" failures="0" tests="1" name="com.selenium.Practise3" time="26.651" errors="0" timestamp="2022-12-02T13:22:32 IST" skipped="0">
  <testcase classname="com.selenium.Practise3" name="execute" time="26.651"/>
  <system-out/>
</testsuite> <!-- com.selenium.Practise3 -->
