<?xml version="1.0" encoding="UTF-8"?>
<!-- Generated by org.testng.reporters.JUnitReportReporter -->
<testsuite hostname="ULTRON" failures="0" tests="1" name="com.selenium.Practise2" time="24.417" errors="0" timestamp="2022-12-01T19:50:08 IST" skipped="0">
  <testcase classname="com.selenium.Practise2" name="run" time="24.417"/>
  <system-out/>
</testsuite> <!-- com.selenium.Practise2 -->
