<?xml version="1.0" encoding="UTF-8"?>
<!-- Generated by org.testng.reporters.JUnitReportReporter -->
<testsuite hostname="ULTRON" failures="0" tests="1" name="com.selenium.Practise5" time="30.255" errors="0" timestamp="2022-12-06T20:15:45 IST" skipped="0">
  <testcase classname="com.selenium.Practise5" name="execute" time="30.255"/>
  <system-out/>
</testsuite> <!-- com.selenium.Practise5 -->
